0000000000
0000000000
0000000000
0000000000
0000000000
0000000000
2000000000
3000000000
4000000000
1000000000
3000000000
1000000000
1006000000
5003000000
1032003065
6043034054
4165041044
5625055643
3312063416
6642232656
1315434341
4453343255
6165261413
2646665665
6555321616
3446455143
6562264151
6613334524
2366615534
6311241145
5355243461
6611314355
6311313345
5445636411
5424331326
1532655134
1632362221
2121326641
2241614212
2445521242
6453446623
2155636615
4613531225
1216452551
4454642254
3611466625
1543114614
1554531113
6655332146
4332545525
6162662246
6663433121
5433526133
3436233413
4145645233
6313212311
6355665312
3661446561
4252336266
3266113255
